Analysis & Synthesis report for bloco_controle
Sun Jun 16 01:52:06 2013
Quartus II Version 9.0 Build 132 02/25/2009 SJ Web Edition


---------------------
; Table of Contents ;
---------------------
  1. Legal Notice
  2. Analysis & Synthesis Summary
  3. Analysis & Synthesis Settings
  4. Analysis & Synthesis Source Files Read
  5. Analysis & Synthesis Resource Usage Summary
  6. Analysis & Synthesis Resource Utilization by Entity
  7. State Machine - |bloco_controle|estado_atual
  8. User-Specified and Inferred Latches
  9. General Register Statistics
 10. Analysis & Synthesis Messages



----------------
; Legal Notice ;
----------------
Copyright (C) 1991-2009 Altera Corporation
Your use of Altera Corporation's design tools, logic functions 
and other software and tools, and its AMPP partner logic 
functions, and any output files from any of the foregoing 
(including device programming or simulation files), and any 
associated documentation or information are expressly subject 
to the terms and conditions of the Altera Program License 
Subscription Agreement, Altera MegaCore Function License 
Agreement, or other applicable license agreement, including, 
without limitation, that your use is for the sole purpose of 
programming logic devices manufactured by Altera and sold by 
Altera or its authorized distributors.  Please refer to the 
applicable agreement for further details.



+-------------------------------------------------------------------------+
; Analysis & Synthesis Summary                                            ;
+-------------------------------+-----------------------------------------+
; Analysis & Synthesis Status   ; Successful - Sun Jun 16 01:52:06 2013   ;
; Quartus II Version            ; 9.0 Build 132 02/25/2009 SJ Web Edition ;
; Revision Name                 ; bloco_controle                          ;
; Top-level Entity Name         ; bloco_controle                          ;
; Family                        ; Stratix II                              ;
; Logic utilization             ; N/A                                     ;
;     Combinational ALUTs       ; 16                                      ;
;     Dedicated logic registers ; 6                                       ;
; Total registers               ; 6                                       ;
; Total pins                    ; 12                                      ;
; Total virtual pins            ; 0                                       ;
; Total block memory bits       ; 0                                       ;
; DSP block 9-bit elements      ; 0                                       ;
; Total PLLs                    ; 0                                       ;
; Total DLLs                    ; 0                                       ;
+-------------------------------+-----------------------------------------+


+----------------------------------------------------------------------------------------------------------+
; Analysis & Synthesis Settings                                                                            ;
+----------------------------------------------------------------+--------------------+--------------------+
; Option                                                         ; Setting            ; Default Value      ;
+----------------------------------------------------------------+--------------------+--------------------+
; Top-level entity name                                          ; bloco_controle     ; bloco_controle     ;
; Family name                                                    ; Stratix II         ; Stratix II         ;
; Use Generated Physical Constraints File                        ; Off                ;                    ;
; Use smart compilation                                          ; Off                ; Off                ;
; Restructure Multiplexers                                       ; Auto               ; Auto               ;
; Create Debugging Nodes for IP Cores                            ; Off                ; Off                ;
; Preserve fewer node names                                      ; On                 ; On                 ;
; Disable OpenCore Plus hardware evaluation                      ; Off                ; Off                ;
; Verilog Version                                                ; Verilog_2001       ; Verilog_2001       ;
; VHDL Version                                                   ; VHDL93             ; VHDL93             ;
; State Machine Processing                                       ; Auto               ; Auto               ;
; Safe State Machine                                             ; Off                ; Off                ;
; Extract Verilog State Machines                                 ; On                 ; On                 ;
; Extract VHDL State Machines                                    ; On                 ; On                 ;
; Ignore Verilog initial constructs                              ; Off                ; Off                ;
; Iteration limit for constant Verilog loops                     ; 5000               ; 5000               ;
; Iteration limit for non-constant Verilog loops                 ; 250                ; 250                ;
; Add Pass-Through Logic to Inferred RAMs                        ; On                 ; On                 ;
; Parallel Synthesis                                             ; Off                ; Off                ;
; DSP Block Balancing                                            ; Auto               ; Auto               ;
; NOT Gate Push-Back                                             ; On                 ; On                 ;
; Power-Up Don't Care                                            ; On                 ; On                 ;
; Remove Redundant Logic Cells                                   ; Off                ; Off                ;
; Remove Duplicate Registers                                     ; On                 ; On                 ;
; Ignore CARRY Buffers                                           ; Off                ; Off                ;
; Ignore CASCADE Buffers                                         ; Off                ; Off                ;
; Ignore GLOBAL Buffers                                          ; Off                ; Off                ;
; Ignore ROW GLOBAL Buffers                                      ; Off                ; Off                ;
; Ignore LCELL Buffers                                           ; Off                ; Off                ;
; Ignore SOFT Buffers                                            ; On                 ; On                 ;
; Limit AHDL Integers to 32 Bits                                 ; Off                ; Off                ;
; Optimization Technique                                         ; Balanced           ; Balanced           ;
; Carry Chain Length                                             ; 70                 ; 70                 ;
; Auto Carry Chains                                              ; On                 ; On                 ;
; Auto Open-Drain Pins                                           ; On                 ; On                 ;
; Perform WYSIWYG Primitive Resynthesis                          ; Off                ; Off                ;
; Auto ROM Replacement                                           ; On                 ; On                 ;
; Auto RAM Replacement                                           ; On                 ; On                 ;
; Auto DSP Block Replacement                                     ; On                 ; On                 ;
; Auto Shift Register Replacement                                ; Auto               ; Auto               ;
; Auto Clock Enable Replacement                                  ; On                 ; On                 ;
; Strict RAM Replacement                                         ; Off                ; Off                ;
; Allow Synchronous Control Signals                              ; On                 ; On                 ;
; Force Use of Synchronous Clear Signals                         ; Off                ; Off                ;
; Auto RAM Block Balancing                                       ; On                 ; On                 ;
; Auto RAM to Logic Cell Conversion                              ; Off                ; Off                ;
; Auto Resource Sharing                                          ; Off                ; Off                ;
; Allow Any RAM Size For Recognition                             ; Off                ; Off                ;
; Allow Any ROM Size For Recognition                             ; Off                ; Off                ;
; Allow Any Shift Register Size For Recognition                  ; Off                ; Off                ;
; Use LogicLock Constraints during Resource Balancing            ; On                 ; On                 ;
; Ignore translate_off and synthesis_off directives              ; Off                ; Off                ;
; Timing-Driven Synthesis                                        ; Off                ; Off                ;
; Show Parameter Settings Tables in Synthesis Report             ; On                 ; On                 ;
; Ignore Maximum Fan-Out Assignments                             ; Off                ; Off                ;
; Synchronization Register Chain Length                          ; 2                  ; 2                  ;
; PowerPlay Power Optimization                                   ; Normal compilation ; Normal compilation ;
; HDL message level                                              ; Level2             ; Level2             ;
; Suppress Register Optimization Related Messages                ; Off                ; Off                ;
; Number of Removed Registers Reported in Synthesis Report       ; 100                ; 100                ;
; Number of Inverted Registers Reported in Synthesis Report      ; 100                ; 100                ;
; Clock MUX Protection                                           ; On                 ; On                 ;
; Auto Gated Clock Conversion                                    ; Off                ; Off                ;
; Block Design Naming                                            ; Auto               ; Auto               ;
; SDC constraint protection                                      ; Off                ; Off                ;
; Synthesis Effort                                               ; Auto               ; Auto               ;
; Allows Asynchronous Clear Usage For Shift Register Replacement ; On                 ; On                 ;
; Analysis & Synthesis Message Level                             ; Medium             ; Medium             ;
+----------------------------------------------------------------+--------------------+--------------------+


+-----------------------------------------------------------------------------------------------------------------------------------------------+
; Analysis & Synthesis Source Files Read                                                                                                        ;
+----------------------------------+-----------------+-----------------+------------------------------------------------------------------------+
; File Name with User-Entered Path ; Used in Netlist ; File Type       ; File Name with Absolute Path                                           ;
+----------------------------------+-----------------+-----------------+------------------------------------------------------------------------+
; bloco_controle.vhd               ; yes             ; User VHDL File  ; C:/Users/heliojunior/Desktop/Projeto/bloco_controle/bloco_controle.vhd ;
+----------------------------------+-----------------+-----------------+------------------------------------------------------------------------+


+-------------------------------------------------------+
; Analysis & Synthesis Resource Usage Summary           ;
+-----------------------------------------------+-------+
; Resource                                      ; Usage ;
+-----------------------------------------------+-------+
; Estimated ALUTs Used                          ; 16    ;
; Dedicated logic registers                     ; 6     ;
;                                               ;       ;
; Estimated ALUTs Unavailable                   ; 0     ;
;                                               ;       ;
; Total combinational functions                 ; 16    ;
; Combinational ALUT usage by number of inputs  ;       ;
;     -- 7 input functions                      ; 0     ;
;     -- 6 input functions                      ; 1     ;
;     -- 5 input functions                      ; 2     ;
;     -- 4 input functions                      ; 2     ;
;     -- <=3 input functions                    ; 11    ;
;                                               ;       ;
; Combinational ALUTs by mode                   ;       ;
;     -- normal mode                            ; 16    ;
;     -- extended LUT mode                      ; 0     ;
;     -- arithmetic mode                        ; 0     ;
;     -- shared arithmetic mode                 ; 0     ;
;                                               ;       ;
; Estimated ALUT/register pairs used            ; 16    ;
;                                               ;       ;
; Total registers                               ; 6     ;
;     -- Dedicated logic registers              ; 6     ;
;     -- I/O registers                          ; 0     ;
;                                               ;       ;
; Estimated ALMs:  partially or completely used ; 8     ;
;                                               ;       ;
; I/O pins                                      ; 12    ;
; Maximum fan-out node                          ; rst   ;
; Maximum fan-out                               ; 7     ;
; Total fan-out                                 ; 71    ;
; Average fan-out                               ; 2.09  ;
+-----------------------------------------------+-------+


+-----------------------------------------------------------------------------------------------------------------------------------------------------------------------------------------------+
; Analysis & Synthesis Resource Utilization by Entity                                                                                                                                           ;
+----------------------------+-------------------+--------------+-------------------+--------------+---------+-----------+-----------+------+--------------+---------------------+--------------+
; Compilation Hierarchy Node ; LC Combinationals ; LC Registers ; Block Memory Bits ; DSP Elements ; DSP 9x9 ; DSP 18x18 ; DSP 36x36 ; Pins ; Virtual Pins ; Full Hierarchy Name ; Library Name ;
+----------------------------+-------------------+--------------+-------------------+--------------+---------+-----------+-----------+------+--------------+---------------------+--------------+
; |bloco_controle            ; 16 (16)           ; 6 (6)        ; 0                 ; 0            ; 0       ; 0         ; 0         ; 12   ; 0            ; |bloco_controle     ; work         ;
+----------------------------+-------------------+--------------+-------------------+--------------+---------+-----------+-----------+------+--------------+---------------------+--------------+
Note: For table entries with two numbers listed, the numbers in parentheses indicate the number of resources of the given type used by the specific entity alone. The numbers listed outside of parentheses indicate the total resources of the given type used by the specific entity and all of its sub-entities in the hierarchy.


Encoding Type:  One-Hot
+------------------------------------------------------------------------------------------------------------------------------------------------------------------+
; State Machine - |bloco_controle|estado_atual                                                                                                                     ;
+------------------------+------------------------+-------------------+------------------------+------------------------+-------------------+----------------------+
; Name                   ; estado_atual.CONTADOR2 ; estado_atual.LIGA ; estado_atual.CONTADOR1 ; estado_atual.RESULTADO ; estado_atual.SLOW ; estado_atual.INICIAR ;
+------------------------+------------------------+-------------------+------------------------+------------------------+-------------------+----------------------+
; estado_atual.INICIAR   ; 0                      ; 0                 ; 0                      ; 0                      ; 0                 ; 0                    ;
; estado_atual.SLOW      ; 0                      ; 0                 ; 0                      ; 0                      ; 1                 ; 1                    ;
; estado_atual.RESULTADO ; 0                      ; 0                 ; 0                      ; 1                      ; 0                 ; 1                    ;
; estado_atual.CONTADOR1 ; 0                      ; 0                 ; 1                      ; 0                      ; 0                 ; 1                    ;
; estado_atual.LIGA      ; 0                      ; 1                 ; 0                      ; 0                      ; 0                 ; 1                    ;
; estado_atual.CONTADOR2 ; 1                      ; 0                 ; 0                      ; 0                      ; 0                 ; 1                    ;
+------------------------+------------------------+-------------------+------------------------+------------------------+-------------------+----------------------+


+---------------------------------------------------------------------------------------------------+
; User-Specified and Inferred Latches                                                               ;
+----------------------------------------------------+---------------------+------------------------+
; Latch Name                                         ; Latch Enable Signal ; Free of Timing Hazards ;
+----------------------------------------------------+---------------------+------------------------+
; estado_teste[0]                                    ; Selector6           ; yes                    ;
; estado_teste[1]                                    ; Selector6           ; yes                    ;
; estado_teste[2]                                    ; Selector6           ; yes                    ;
; Number of user-specified and inferred latches = 3  ;                     ;                        ;
+----------------------------------------------------+---------------------+------------------------+
Note: All latches listed above may not be present at the end of synthesis due to various synthesis optimizations.


+------------------------------------------------------+
; General Register Statistics                          ;
+----------------------------------------------+-------+
; Statistic                                    ; Value ;
+----------------------------------------------+-------+
; Total registers                              ; 6     ;
; Number of registers using Synchronous Clear  ; 0     ;
; Number of registers using Synchronous Load   ; 0     ;
; Number of registers using Asynchronous Clear ; 0     ;
; Number of registers using Asynchronous Load  ; 0     ;
; Number of registers using Clock Enable       ; 0     ;
; Number of registers using Preset             ; 0     ;
+----------------------------------------------+-------+


+-------------------------------+
; Analysis & Synthesis Messages ;
+-------------------------------+
Info: *******************************************************************
Info: Running Quartus II Analysis & Synthesis
    Info: Version 9.0 Build 132 02/25/2009 SJ Web Edition
    Info: Processing started: Sun Jun 16 01:52:05 2013
Info: Command: quartus_map --read_settings_files=on --write_settings_files=off bloco_controle -c bloco_controle
Info: Found 2 design units, including 1 entities, in source file bloco_controle.vhd
    Info: Found design unit 1: bloco_controle-arquitetura
    Info: Found entity 1: bloco_controle
Info: Elaborating entity "bloco_controle" for the top level hierarchy
Warning (10631): VHDL Process Statement warning at bloco_controle.vhd(28): inferring latch(es) for signal or variable "estado_seguinte", which holds its previous value in one or more paths through the process
Warning (10631): VHDL Process Statement warning at bloco_controle.vhd(28): inferring latch(es) for signal or variable "estado_teste", which holds its previous value in one or more paths through the process
Info (10041): Inferred latch for "estado_teste[0]" at bloco_controle.vhd(28)
Info (10041): Inferred latch for "estado_teste[1]" at bloco_controle.vhd(28)
Info (10041): Inferred latch for "estado_teste[2]" at bloco_controle.vhd(28)
Info (10041): Inferred latch for "estado_seguinte.CONTADOR2" at bloco_controle.vhd(28)
Info (10041): Inferred latch for "estado_seguinte.LIGA" at bloco_controle.vhd(28)
Info (10041): Inferred latch for "estado_seguinte.CONTADOR1" at bloco_controle.vhd(28)
Info (10041): Inferred latch for "estado_seguinte.RESULTADO" at bloco_controle.vhd(28)
Info (10041): Inferred latch for "estado_seguinte.SLOW" at bloco_controle.vhd(28)
Info (10041): Inferred latch for "estado_seguinte.INICIAR" at bloco_controle.vhd(28)
Warning: LATCH primitive "estado_seguinte.INICIAR_373" is permanently enabled
Warning: LATCH primitive "estado_seguinte.SLOW_347" is permanently enabled
Warning: LATCH primitive "estado_seguinte.RESULTADO_321" is permanently enabled
Warning: LATCH primitive "estado_seguinte.CONTADOR1_295" is permanently enabled
Warning: LATCH primitive "estado_seguinte.LIGA_269" is permanently enabled
Warning: LATCH primitive "estado_seguinte.CONTADOR2_243" is permanently enabled
Warning: The following nodes have both tri-state and non-tri-state drivers
    Warning: Inserted always-enabled tri-state buffer between "clr_r" and its non-tri-state driver.
    Warning: Inserted always-enabled tri-state buffer between "load_r" and its non-tri-state driver.
Warning: The following bidir pins have no drivers
    Warning: Bidir "clk" has no driver
    Warning: Bidir "comp" has no driver
    Warning: Bidir "comp2" has no driver
    Warning: Bidir "rst" has no driver
    Warning: Bidir "b" has no driver
Warning: Latch estado_teste[2] has unsafe behavior
    Warning: Ports D and ENA on the latch are fed by the same signal estado_atual.RESULTADO
Warning: TRI or OPNDRN buffers permanently enabled
    Warning: Node "clr_r~synth"
    Warning: Node "load_r~synth"
Info: Implemented 28 device resources after synthesis - the final resource count might be different
    Info: Implemented 0 input pins
    Info: Implemented 5 output pins
    Info: Implemented 7 bidirectional pins
    Info: Implemented 16 logic cells
Info: Quartus II Analysis & Synthesis was successful. 0 errors, 22 warnings
    Info: Peak virtual memory: 240 megabytes
    Info: Processing ended: Sun Jun 16 01:52:06 2013
    Info: Elapsed time: 00:00:01
    Info: Total CPU time (on all processors): 00:00:01


