Analysis & Synthesis report for Projeto_final
Sun Jun 16 03:16:23 2013
Quartus II Version 9.0 Build 132 02/25/2009 SJ Web Edition


---------------------
; Table of Contents ;
---------------------
  1. Legal Notice
  2. Analysis & Synthesis Summary
  3. Analysis & Synthesis Settings
  4. Analysis & Synthesis Source Files Read
  5. Analysis & Synthesis Resource Usage Summary
  6. Analysis & Synthesis Resource Utilization by Entity
  7. State Machine - |Projeto_final|bloco_controle:controller|estado_atual
  8. Registers Removed During Synthesis
  9. Removed Registers Triggering Further Register Optimizations
 10. General Register Statistics
 11. Parameter Settings for User Entity Instance: Top-level Entity: |Projeto_final
 12. Parameter Settings for User Entity Instance: bloco_operacional:operation
 13. Parameter Settings for User Entity Instance: bloco_operacional:operation|componente_comparador:comp2
 14. Parameter Settings for User Entity Instance: bloco_operacional:operation|componete_comparador2:comp3
 15. Port Connectivity Checks: "bloco_controle:controller"
 16. Port Connectivity Checks: "bloco_operacional:operation|componete_comparador2:comp3"
 17. Port Connectivity Checks: "bloco_operacional:operation|componente_comparador:comp2"
 18. Port Connectivity Checks: "bloco_operacional:operation|componente_contador:cont1"
 19. Analysis & Synthesis Messages



----------------
; Legal Notice ;
----------------
Copyright (C) 1991-2009 Altera Corporation
Your use of Altera Corporation's design tools, logic functions 
and other software and tools, and its AMPP partner logic 
functions, and any output files from any of the foregoing 
(including device programming or simulation files), and any 
associated documentation or information are expressly subject 
to the terms and conditions of the Altera Program License 
Subscription Agreement, Altera MegaCore Function License 
Agreement, or other applicable license agreement, including, 
without limitation, that your use is for the sole purpose of 
programming logic devices manufactured by Altera and sold by 
Altera or its authorized distributors.  Please refer to the 
applicable agreement for further details.



+-------------------------------------------------------------------------+
; Analysis & Synthesis Summary                                            ;
+-------------------------------+-----------------------------------------+
; Analysis & Synthesis Status   ; Successful - Sun Jun 16 03:16:23 2013   ;
; Quartus II Version            ; 9.0 Build 132 02/25/2009 SJ Web Edition ;
; Revision Name                 ; Projeto_final                           ;
; Top-level Entity Name         ; Projeto_final                           ;
; Family                        ; Stratix II                              ;
; Logic utilization             ; N/A                                     ;
;     Combinational ALUTs       ; 0                                       ;
;     Dedicated logic registers ; 0                                       ;
; Total registers               ; 0                                       ;
; Total pins                    ; 4                                       ;
; Total virtual pins            ; 0                                       ;
; Total block memory bits       ; 0                                       ;
; DSP block 9-bit elements      ; 0                                       ;
; Total PLLs                    ; 0                                       ;
; Total DLLs                    ; 0                                       ;
+-------------------------------+-----------------------------------------+


+----------------------------------------------------------------------------------------------------------+
; Analysis & Synthesis Settings                                                                            ;
+----------------------------------------------------------------+--------------------+--------------------+
; Option                                                         ; Setting            ; Default Value      ;
+----------------------------------------------------------------+--------------------+--------------------+
; Top-level entity name                                          ; Projeto_final      ; Projeto_final      ;
; Family name                                                    ; Stratix II         ; Stratix II         ;
; Use Generated Physical Constraints File                        ; Off                ;                    ;
; Use smart compilation                                          ; Off                ; Off                ;
; Restructure Multiplexers                                       ; Auto               ; Auto               ;
; Create Debugging Nodes for IP Cores                            ; Off                ; Off                ;
; Preserve fewer node names                                      ; On                 ; On                 ;
; Disable OpenCore Plus hardware evaluation                      ; Off                ; Off                ;
; Verilog Version                                                ; Verilog_2001       ; Verilog_2001       ;
; VHDL Version                                                   ; VHDL93             ; VHDL93             ;
; State Machine Processing                                       ; Auto               ; Auto               ;
; Safe State Machine                                             ; Off                ; Off                ;
; Extract Verilog State Machines                                 ; On                 ; On                 ;
; Extract VHDL State Machines                                    ; On                 ; On                 ;
; Ignore Verilog initial constructs                              ; Off                ; Off                ;
; Iteration limit for constant Verilog loops                     ; 5000               ; 5000               ;
; Iteration limit for non-constant Verilog loops                 ; 250                ; 250                ;
; Add Pass-Through Logic to Inferred RAMs                        ; On                 ; On                 ;
; Parallel Synthesis                                             ; Off                ; Off                ;
; DSP Block Balancing                                            ; Auto               ; Auto               ;
; NOT Gate Push-Back                                             ; On                 ; On                 ;
; Power-Up Don't Care                                            ; On                 ; On                 ;
; Remove Redundant Logic Cells                                   ; Off                ; Off                ;
; Remove Duplicate Registers                                     ; On                 ; On                 ;
; Ignore CARRY Buffers                                           ; Off                ; Off                ;
; Ignore CASCADE Buffers                                         ; Off                ; Off                ;
; Ignore GLOBAL Buffers                                          ; Off                ; Off                ;
; Ignore ROW GLOBAL Buffers                                      ; Off                ; Off                ;
; Ignore LCELL Buffers                                           ; Off                ; Off                ;
; Ignore SOFT Buffers                                            ; On                 ; On                 ;
; Limit AHDL Integers to 32 Bits                                 ; Off                ; Off                ;
; Optimization Technique                                         ; Balanced           ; Balanced           ;
; Carry Chain Length                                             ; 70                 ; 70                 ;
; Auto Carry Chains                                              ; On                 ; On                 ;
; Auto Open-Drain Pins                                           ; On                 ; On                 ;
; Perform WYSIWYG Primitive Resynthesis                          ; Off                ; Off                ;
; Auto ROM Replacement                                           ; On                 ; On                 ;
; Auto RAM Replacement                                           ; On                 ; On                 ;
; Auto DSP Block Replacement                                     ; On                 ; On                 ;
; Auto Shift Register Replacement                                ; Auto               ; Auto               ;
; Auto Clock Enable Replacement                                  ; On                 ; On                 ;
; Strict RAM Replacement                                         ; Off                ; Off                ;
; Allow Synchronous Control Signals                              ; On                 ; On                 ;
; Force Use of Synchronous Clear Signals                         ; Off                ; Off                ;
; Auto RAM Block Balancing                                       ; On                 ; On                 ;
; Auto RAM to Logic Cell Conversion                              ; Off                ; Off                ;
; Auto Resource Sharing                                          ; Off                ; Off                ;
; Allow Any RAM Size For Recognition                             ; Off                ; Off                ;
; Allow Any ROM Size For Recognition                             ; Off                ; Off                ;
; Allow Any Shift Register Size For Recognition                  ; Off                ; Off                ;
; Use LogicLock Constraints during Resource Balancing            ; On                 ; On                 ;
; Ignore translate_off and synthesis_off directives              ; Off                ; Off                ;
; Timing-Driven Synthesis                                        ; Off                ; Off                ;
; Show Parameter Settings Tables in Synthesis Report             ; On                 ; On                 ;
; Ignore Maximum Fan-Out Assignments                             ; Off                ; Off                ;
; Synchronization Register Chain Length                          ; 2                  ; 2                  ;
; PowerPlay Power Optimization                                   ; Normal compilation ; Normal compilation ;
; HDL message level                                              ; Level2             ; Level2             ;
; Suppress Register Optimization Related Messages                ; Off                ; Off                ;
; Number of Removed Registers Reported in Synthesis Report       ; 100                ; 100                ;
; Number of Inverted Registers Reported in Synthesis Report      ; 100                ; 100                ;
; Clock MUX Protection                                           ; On                 ; On                 ;
; Auto Gated Clock Conversion                                    ; Off                ; Off                ;
; Block Design Naming                                            ; Auto               ; Auto               ;
; SDC constraint protection                                      ; Off                ; Off                ;
; Synthesis Effort                                               ; Auto               ; Auto               ;
; Allows Asynchronous Clear Usage For Shift Register Replacement ; On                 ; On                 ;
; Analysis & Synthesis Message Level                             ; Medium             ; Medium             ;
+----------------------------------------------------------------+--------------------+--------------------+


+---------------------------------------------------------------------------------------------------------------------------------------------------------------------------------+
; Analysis & Synthesis Source Files Read                                                                                                                                          ;
+-----------------------------------------------------+-----------------+-----------------+---------------------------------------------------------------------------------------+
; File Name with User-Entered Path                    ; Used in Netlist ; File Type       ; File Name with Absolute Path                                                          ;
+-----------------------------------------------------+-----------------+-----------------+---------------------------------------------------------------------------------------+
; ../componente_contador/componente_contador.vhd      ; yes             ; User VHDL File  ; C:/Users/heliojunior/Desktop/Projeto/componente_contador/componente_contador.vhd      ;
; ../componente_comparador2/componete_comparador2.vhd ; yes             ; User VHDL File  ; C:/Users/heliojunior/Desktop/Projeto/componente_comparador2/componete_comparador2.vhd ;
; ../componente_comparador/componente_comparador.vhd  ; yes             ; User VHDL File  ; C:/Users/heliojunior/Desktop/Projeto/componente_comparador/componente_comparador.vhd  ;
; ../bloco_controle/bloco_controle.vhd                ; yes             ; User VHDL File  ; C:/Users/heliojunior/Desktop/Projeto/bloco_controle/bloco_controle.vhd                ;
; ../bloco_operacional/bloco_operacional.vhd          ; yes             ; User VHDL File  ; C:/Users/heliojunior/Desktop/Projeto/bloco_operacional/bloco_operacional.vhd          ;
; Projeto_final.vhd                                   ; yes             ; User VHDL File  ; C:/Users/heliojunior/Desktop/Projeto/Projeto_final/Projeto_final.vhd                  ;
+-----------------------------------------------------+-----------------+-----------------+---------------------------------------------------------------------------------------+


+------------------------------------------------------+
; Analysis & Synthesis Resource Usage Summary          ;
+----------------------------------------------+-------+
; Resource                                     ; Usage ;
+----------------------------------------------+-------+
; Estimated ALUTs Used                         ; 0     ;
; Dedicated logic registers                    ; 0     ;
;                                              ;       ;
; Estimated ALUTs Unavailable                  ; 0     ;
;                                              ;       ;
; Total combinational functions                ; 0     ;
; Combinational ALUT usage by number of inputs ;       ;
;     -- 7 input functions                     ; 0     ;
;     -- 6 input functions                     ; 0     ;
;     -- 5 input functions                     ; 0     ;
;     -- 4 input functions                     ; 0     ;
;     -- <=3 input functions                   ; 0     ;
;                                              ;       ;
; Combinational ALUTs by mode                  ;       ;
;     -- normal mode                           ; 0     ;
;     -- extended LUT mode                     ; 0     ;
;     -- arithmetic mode                       ; 0     ;
;     -- shared arithmetic mode                ; 0     ;
;                                              ;       ;
; Estimated ALUT/register pairs used           ; 0     ;
;                                              ;       ;
; Total registers                              ; 0     ;
;     -- Dedicated logic registers             ; 0     ;
;     -- I/O registers                         ; 0     ;
;                                              ;       ;
;                                              ;       ;
; I/O pins                                     ; 4     ;
+----------------------------------------------+-------+


+-----------------------------------------------------------------------------------------------------------------------------------------------------------------------------------------------+
; Analysis & Synthesis Resource Utilization by Entity                                                                                                                                           ;
+----------------------------+-------------------+--------------+-------------------+--------------+---------+-----------+-----------+------+--------------+---------------------+--------------+
; Compilation Hierarchy Node ; LC Combinationals ; LC Registers ; Block Memory Bits ; DSP Elements ; DSP 9x9 ; DSP 18x18 ; DSP 36x36 ; Pins ; Virtual Pins ; Full Hierarchy Name ; Library Name ;
+----------------------------+-------------------+--------------+-------------------+--------------+---------+-----------+-----------+------+--------------+---------------------+--------------+
; |Projeto_final             ; 0 (0)             ; 0 (0)        ; 0                 ; 0            ; 0       ; 0         ; 0         ; 4    ; 0            ; |Projeto_final      ; work         ;
+----------------------------+-------------------+--------------+-------------------+--------------+---------+-----------+-----------+------+--------------+---------------------+--------------+
Note: For table entries with two numbers listed, the numbers in parentheses indicate the number of resources of the given type used by the specific entity alone. The numbers listed outside of parentheses indicate the total resources of the given type used by the specific entity and all of its sub-entities in the hierarchy.


Encoding Type:  One-Hot
+------------------------------------------------------------------------------------------------------------------------------------------------------------------+
; State Machine - |Projeto_final|bloco_controle:controller|estado_atual                                                                                            ;
+------------------------+------------------------+-------------------+------------------------+------------------------+-------------------+----------------------+
; Name                   ; estado_atual.CONTADOR2 ; estado_atual.LIGA ; estado_atual.CONTADOR1 ; estado_atual.RESULTADO ; estado_atual.SLOW ; estado_atual.INICIAR ;
+------------------------+------------------------+-------------------+------------------------+------------------------+-------------------+----------------------+
; estado_atual.INICIAR   ; 0                      ; 0                 ; 0                      ; 0                      ; 0                 ; 0                    ;
; estado_atual.SLOW      ; 0                      ; 0                 ; 0                      ; 0                      ; 1                 ; 1                    ;
; estado_atual.RESULTADO ; 0                      ; 0                 ; 0                      ; 1                      ; 0                 ; 1                    ;
; estado_atual.CONTADOR1 ; 0                      ; 0                 ; 1                      ; 0                      ; 0                 ; 1                    ;
; estado_atual.LIGA      ; 0                      ; 1                 ; 0                      ; 0                      ; 0                 ; 1                    ;
; estado_atual.CONTADOR2 ; 1                      ; 0                 ; 0                      ; 0                      ; 0                 ; 1                    ;
+------------------------+------------------------+-------------------+------------------------+------------------------+-------------------+----------------------+


+--------------------------------------------------------------------------------------------------------+
; Registers Removed During Synthesis                                                                     ;
+-----------------------------------------------------------------+--------------------------------------+
; Register name                                                   ; Reason for Removal                   ;
+-----------------------------------------------------------------+--------------------------------------+
; bloco_controle:controller|estado_atual.INICIAR                  ; Stuck at GND due to stuck port clock ;
; bloco_controle:controller|estado_atual.RESULTADO                ; Stuck at GND due to stuck port clock ;
; bloco_controle:controller|estado_atual.CONTADOR1                ; Stuck at GND due to stuck port clock ;
; bloco_controle:controller|estado_atual.SLOW                     ; Stuck at GND due to stuck port clock ;
; bloco_controle:controller|estado_atual.CONTADOR2                ; Stuck at GND due to stuck port clock ;
; bloco_controle:controller|estado_atual.LIGA                     ; Stuck at GND due to stuck port clock ;
; bloco_operacional:operation|componente_contador:cont1|reg[0..3] ; Stuck at GND due to stuck port clock ;
; Total Number of Removed Registers = 10                          ;                                      ;
+-----------------------------------------------------------------+--------------------------------------+


+--------------------------------------------------------------------------------------------------------------------------------------------+
; Removed Registers Triggering Further Register Optimizations                                                                                ;
+--------------------------------------------------+-------------------------+---------------------------------------------------------------+
; Register name                                    ; Reason for Removal      ; Registers Removed due to This Register                        ;
+--------------------------------------------------+-------------------------+---------------------------------------------------------------+
; bloco_controle:controller|estado_atual.INICIAR   ; Stuck at GND            ; bloco_operacional:operation|componente_contador:cont1|reg[3], ;
;                                                  ; due to stuck port clock ; bloco_operacional:operation|componente_contador:cont1|reg[2], ;
;                                                  ;                         ; bloco_operacional:operation|componente_contador:cont1|reg[1], ;
;                                                  ;                         ; bloco_operacional:operation|componente_contador:cont1|reg[0]  ;
; bloco_controle:controller|estado_atual.CONTADOR1 ; Stuck at GND            ; bloco_controle:controller|estado_atual.LIGA                   ;
;                                                  ; due to stuck port clock ;                                                               ;
+--------------------------------------------------+-------------------------+---------------------------------------------------------------+


+------------------------------------------------------+
; General Register Statistics                          ;
+----------------------------------------------+-------+
; Statistic                                    ; Value ;
+----------------------------------------------+-------+
; Total registers                              ; 0     ;
; Number of registers using Synchronous Clear  ; 0     ;
; Number of registers using Synchronous Load   ; 0     ;
; Number of registers using Asynchronous Clear ; 0     ;
; Number of registers using Asynchronous Load  ; 0     ;
; Number of registers using Clock Enable       ; 0     ;
; Number of registers using Preset             ; 0     ;
+----------------------------------------------+-------+


+-------------------------------------------------------------------------------+
; Parameter Settings for User Entity Instance: Top-level Entity: |Projeto_final ;
+----------------+-------+------------------------------------------------------+
; Parameter Name ; Value ; Type                                                 ;
+----------------+-------+------------------------------------------------------+
; n              ; 4     ; Signed Integer                                       ;
+----------------+-------+------------------------------------------------------+
Note: In order to hide this table in the UI and the text report file, please set the "Show Parameter Settings Tables in Synthesis Report" option in "Analysis and Synthesis Settings -> More Settings" to "Off".


+--------------------------------------------------------------------------+
; Parameter Settings for User Entity Instance: bloco_operacional:operation ;
+----------------+-------+-------------------------------------------------+
; Parameter Name ; Value ; Type                                            ;
+----------------+-------+-------------------------------------------------+
; n              ; 4     ; Signed Integer                                  ;
+----------------+-------+-------------------------------------------------+
Note: In order to hide this table in the UI and the text report file, please set the "Show Parameter Settings Tables in Synthesis Report" option in "Analysis and Synthesis Settings -> More Settings" to "Off".


+------------------------------------------------------------------------------------------------------+
; Parameter Settings for User Entity Instance: bloco_operacional:operation|componente_comparador:comp2 ;
+----------------+-------+-----------------------------------------------------------------------------+
; Parameter Name ; Value ; Type                                                                        ;
+----------------+-------+-----------------------------------------------------------------------------+
; n              ; 4     ; Signed Integer                                                              ;
+----------------+-------+-----------------------------------------------------------------------------+
Note: In order to hide this table in the UI and the text report file, please set the "Show Parameter Settings Tables in Synthesis Report" option in "Analysis and Synthesis Settings -> More Settings" to "Off".


+------------------------------------------------------------------------------------------------------+
; Parameter Settings for User Entity Instance: bloco_operacional:operation|componete_comparador2:comp3 ;
+----------------+-------+-----------------------------------------------------------------------------+
; Parameter Name ; Value ; Type                                                                        ;
+----------------+-------+-----------------------------------------------------------------------------+
; n              ; 4     ; Signed Integer                                                              ;
+----------------+-------+-----------------------------------------------------------------------------+
Note: In order to hide this table in the UI and the text report file, please set the "Show Parameter Settings Tables in Synthesis Report" option in "Analysis and Synthesis Settings -> More Settings" to "Off".


+------------------------------------------------------------------------------------------------------------------+
; Port Connectivity Checks: "bloco_controle:controller"                                                            ;
+--------+--------+----------+-------------------------------------------------------------------------------------+
; Port   ; Type   ; Severity ; Details                                                                             ;
+--------+--------+----------+-------------------------------------------------------------------------------------+
; comp   ; Bidir  ; Warning  ; Connected to dangling logic. Logic that only feeds a dangling port will be removed. ;
; comp2  ; Bidir  ; Warning  ; Connected to dangling logic. Logic that only feeds a dangling port will be removed. ;
; estado ; Output ; Info     ; Connected to dangling logic. Logic that only feeds a dangling port will be removed. ;
+--------+--------+----------+-------------------------------------------------------------------------------------+


+-------------------------------------------------------------------------------------+
; Port Connectivity Checks: "bloco_operacional:operation|componete_comparador2:comp3" ;
+---------+-------+----------+--------------------------------------------------------+
; Port    ; Type  ; Severity ; Details                                                ;
+---------+-------+----------+--------------------------------------------------------+
; e[3..2] ; Input ; Info     ; Stuck at VCC                                           ;
; e[1..0] ; Input ; Info     ; Stuck at GND                                           ;
+---------+-------+----------+--------------------------------------------------------+


+-------------------------------------------------------------------------------------+
; Port Connectivity Checks: "bloco_operacional:operation|componente_comparador:comp2" ;
+---------+-------+----------+--------------------------------------------------------+
; Port    ; Type  ; Severity ; Details                                                ;
+---------+-------+----------+--------------------------------------------------------+
; b[3..2] ; Input ; Info     ; Stuck at VCC                                           ;
; b[1..0] ; Input ; Info     ; Stuck at GND                                           ;
+---------+-------+----------+--------------------------------------------------------+


+----------------------------------------------------------------------------------------------------------------+
; Port Connectivity Checks: "bloco_operacional:operation|componente_contador:cont1"                              ;
+------+--------+----------+-------------------------------------------------------------------------------------+
; Port ; Type   ; Severity ; Details                                                                             ;
+------+--------+----------+-------------------------------------------------------------------------------------+
; tc   ; Output ; Info     ; Connected to dangling logic. Logic that only feeds a dangling port will be removed. ;
+------+--------+----------+-------------------------------------------------------------------------------------+


+-------------------------------+
; Analysis & Synthesis Messages ;
+-------------------------------+
Info: *******************************************************************
Info: Running Quartus II Analysis & Synthesis
    Info: Version 9.0 Build 132 02/25/2009 SJ Web Edition
    Info: Processing started: Sun Jun 16 03:16:20 2013
Info: Command: quartus_map --read_settings_files=on --write_settings_files=off Projeto_final -c Projeto_final
Info: Found 2 design units, including 1 entities, in source file ../componente_contador/componente_contador.vhd
    Info: Found design unit 1: componente_contador-arquitetura
    Info: Found entity 1: componente_contador
Info: Found 2 design units, including 1 entities, in source file ../componente_comparador2/componete_comparador2.vhd
    Info: Found design unit 1: componete_comparador2-arqui
    Info: Found entity 1: componete_comparador2
Info: Found 2 design units, including 1 entities, in source file ../componente_comparador/componente_comparador.vhd
    Info: Found design unit 1: componente_comparador-arqui
    Info: Found entity 1: componente_comparador
Info: Found 2 design units, including 1 entities, in source file ../bloco_controle/bloco_controle.vhd
    Info: Found design unit 1: bloco_controle-arquitetura
    Info: Found entity 1: bloco_controle
Info: Found 2 design units, including 1 entities, in source file ../bloco_operacional/bloco_operacional.vhd
    Info: Found design unit 1: bloco_operacional-behav
    Info: Found entity 1: bloco_operacional
Info: Found 2 design units, including 1 entities, in source file Projeto_final.vhd
    Info: Found design unit 1: Projeto_final-behav
    Info: Found entity 1: Projeto_final
Info: Elaborating entity "Projeto_final" for the top level hierarchy
Info: Elaborating entity "bloco_operacional" for hierarchy "bloco_operacional:operation"
Info: Elaborating entity "componente_contador" for hierarchy "bloco_operacional:operation|componente_contador:cont1"
Warning (10492): VHDL Process Statement warning at componente_contador.vhd(29): signal "cl" is read inside the Process Statement but isn't in the Process Statement's sensitivity list
Warning (10492): VHDL Process Statement warning at componente_contador.vhd(31): signal "cnt" is read inside the Process Statement but isn't in the Process Statement's sensitivity list
Info: Elaborating entity "componente_comparador" for hierarchy "bloco_operacional:operation|componente_comparador:comp2"
Info: Elaborating entity "componete_comparador2" for hierarchy "bloco_operacional:operation|componete_comparador2:comp3"
Info: Elaborating entity "bloco_controle" for hierarchy "bloco_controle:controller"
Warning (10631): VHDL Process Statement warning at bloco_controle.vhd(28): inferring latch(es) for signal or variable "estado_seguinte", which holds its previous value in one or more paths through the process
Warning (10631): VHDL Process Statement warning at bloco_controle.vhd(28): inferring latch(es) for signal or variable "estado_teste", which holds its previous value in one or more paths through the process
Info (10041): Inferred latch for "estado_teste[0]" at bloco_controle.vhd(28)
Info (10041): Inferred latch for "estado_teste[1]" at bloco_controle.vhd(28)
Info (10041): Inferred latch for "estado_teste[2]" at bloco_controle.vhd(28)
Info (10041): Inferred latch for "estado_seguinte.CONTADOR2" at bloco_controle.vhd(28)
Info (10041): Inferred latch for "estado_seguinte.LIGA" at bloco_controle.vhd(28)
Info (10041): Inferred latch for "estado_seguinte.CONTADOR1" at bloco_controle.vhd(28)
Info (10041): Inferred latch for "estado_seguinte.RESULTADO" at bloco_controle.vhd(28)
Info (10041): Inferred latch for "estado_seguinte.SLOW" at bloco_controle.vhd(28)
Info (10041): Inferred latch for "estado_seguinte.INICIAR" at bloco_controle.vhd(28)
Warning: Node "bloco_controle:controller|clk" is stuck at GND because node is in wire loop and does not have a source
Warning: LATCH primitive "bloco_controle:controller|estado_seguinte.INICIAR_373" is permanently enabled
Warning: LATCH primitive "bloco_controle:controller|estado_seguinte.SLOW_347" is permanently enabled
Warning: LATCH primitive "bloco_controle:controller|estado_seguinte.RESULTADO_321" is permanently enabled
Warning: LATCH primitive "bloco_controle:controller|estado_seguinte.CONTADOR1_295" is permanently enabled
Warning: LATCH primitive "bloco_controle:controller|estado_seguinte.LIGA_269" is permanently enabled
Warning: LATCH primitive "bloco_controle:controller|estado_seguinte.CONTADOR2_243" is permanently enabled
Warning: 1 hierarchies have connectivity warnings - see the Connectivity Checks report folder
Warning: The following bidir pins have no drivers
    Warning: Bidir "reset" has no driver
    Warning: Bidir "bot" has no driver
Warning: Output pins are stuck at VCC or GND
    Warning (13410): Pin "leno" is stuck at GND
    Warning (13410): Pin "lentoo" is stuck at GND
Info: Implemented 4 device resources after synthesis - the final resource count might be different
    Info: Implemented 0 input pins
    Info: Implemented 2 output pins
    Info: Implemented 2 bidirectional pins
Info: Quartus II Analysis & Synthesis was successful. 0 errors, 18 warnings
    Info: Peak virtual memory: 240 megabytes
    Info: Processing ended: Sun Jun 16 03:16:23 2013
    Info: Elapsed time: 00:00:03
    Info: Total CPU time (on all processors): 00:00:02


